2017-08-25 14:10:50 [ main ] Starting Application on PC-20170177777 with PID 6024 (D:\JAVA\demo\springboot-mybatis-master\target\classes started by Administrator in D:\JAVA\demo\springboot-mybatis-master)
  2017-08-25 14:10:50 [ main ] Refreshing org.springframework.boot.context.embedded.AnnotationConfigEmbeddedWebApplicationContext@536aaa8d: startup date [Fri Aug 25 14:10:50 CST 2017]; root of context hierarchy
  2017-08-25 14:10:51 [ main ] Overriding bean definition for bean 'beanNameViewResolver': replacing [Root bean: class [null]; scope=; abstract=false; lazyInit=false; autowireMode=3; dependencyCheck=0; autowireCandidate=true; primary=false; factoryBeanName=org.springframework.boot.autoconfigure.web.ErrorMvcAutoConfiguration$WhitelabelErrorViewConfiguration; factoryMethodName=beanNameViewResolver; initMethodName=null; destroyMethodName=(inferred); defined in class path resource [org/springframework/boot/autoconfigure/web/ErrorMvcAutoConfiguration$WhitelabelErrorViewConfiguration.class]] with [Root bean: class [null]; scope=; abstract=false; lazyInit=false; autowireMode=3; dependencyCheck=0; autowireCandidate=true; primary=false; factoryBeanName=org.springframework.boot.autoconfigure.web.WebMvcAutoConfiguration$WebMvcAutoConfigurationAdapter; factoryMethodName=beanNameViewResolver; initMethodName=null; destroyMethodName=(inferred); defined in class path resource [org/springframework/boot/autoconfigure/web/WebMvcAutoConfiguration$WebMvcAutoConfigurationAdapter.class]]
  2017-08-25 14:10:51 [ main ] HV000001: Hibernate Validator 5.1.3.Final
  2017-08-25 14:10:51 [ main ] Bean 'application' of type [class cn.lwq.Application$$EnhancerBySpringCGLIB$$a39de344] is not eligible for getting processed by all BeanPostProcessors (for example: not eligible for auto-proxying)
  2017-08-25 14:10:51 [ main ] Bean 'dataSource' of type [class org.apache.tomcat.jdbc.pool.DataSource] is not eligible for getting processed by all BeanPostProcessors (for example: not eligible for auto-proxying)
  2017-08-25 14:10:51 [ main ] Bean 'sqlSessionFactoryBean' of type [class org.apache.ibatis.session.defaults.DefaultSqlSessionFactory] is not eligible for getting processed by all BeanPostProcessors (for example: not eligible for auto-proxying)
  2017-08-25 14:10:51 [ main ] Bean 'userMapper' of type [class org.mybatis.spring.mapper.MapperFactoryBean] is not eligible for getting processed by all BeanPostProcessors (for example: not eligible for auto-proxying)
  2017-08-25 14:10:51 [ main ] Bean 'customUserMapper' of type [class org.mybatis.spring.mapper.MapperFactoryBean] is not eligible for getting processed by all BeanPostProcessors (for example: not eligible for auto-proxying)
  2017-08-25 14:10:51 [ main ] Bean 'customSystemDateMapper' of type [class org.mybatis.spring.mapper.MapperFactoryBean] is not eligible for getting processed by all BeanPostProcessors (for example: not eligible for auto-proxying)
  2017-08-25 14:10:51 [ main ] Bean 'org.springframework.transaction.annotation.ProxyTransactionManagementConfiguration' of type [class org.springframework.transaction.annotation.ProxyTransactionManagementConfiguration$$EnhancerBySpringCGLIB$$6fb397a] is not eligible for getting processed by all BeanPostProcessors (for example: not eligible for auto-proxying)
  2017-08-25 14:10:51 [ main ] Bean 'transactionAttributeSource' of type [class org.springframework.transaction.annotation.AnnotationTransactionAttributeSource] is not eligible for getting processed by all BeanPostProcessors (for example: not eligible for auto-proxying)
  2017-08-25 14:10:51 [ main ] Bean 'transactionInterceptor' of type [class org.springframework.transaction.interceptor.TransactionInterceptor] is not eligible for getting processed by all BeanPostProcessors (for example: not eligible for auto-proxying)
  2017-08-25 14:10:51 [ main ] Bean 'org.springframework.transaction.config.internalTransactionAdvisor' of type [class org.springframework.transaction.interceptor.BeanFactoryTransactionAttributeSourceAdvisor] is not eligible for getting processed by all BeanPostProcessors (for example: not eligible for auto-proxying)
  2017-08-25 14:10:52 [ main ] Tomcat initialized with port(s): 8011 (http)
  2017-08-25 14:10:52 [ main ] Starting service Tomcat
  2017-08-25 14:10:52 [ main ] Starting Servlet Engine: Apache Tomcat/8.0.23
  2017-08-25 14:10:52 [ localhost-startStop-1 ] Initializing Spring embedded WebApplicationContext
  2017-08-25 14:10:52 [ localhost-startStop-1 ] Root WebApplicationContext: initialization completed in 1736 ms
  2017-08-25 14:10:52 [ localhost-startStop-1 ] Mapping servlet: 'dispatcherServlet' to [/]
  2017-08-25 14:10:52 [ localhost-startStop-1 ] Mapping filter: 'metricFilter' to: [/*]
  2017-08-25 14:10:52 [ localhost-startStop-1 ] Mapping filter: 'characterEncodingFilter' to: [/*]
  2017-08-25 14:10:52 [ localhost-startStop-1 ] Mapping filter: 'hiddenHttpMethodFilter' to: [/*]
  2017-08-25 14:10:52 [ localhost-startStop-1 ] Mapping filter: 'webRequestLoggingFilter' to: [/*]
  2017-08-25 14:10:52 [ localhost-startStop-1 ] Mapping filter: 'applicationContextIdFilter' to: [/*]
  2017-08-25 14:10:52 [ main ] Mapped "{[/signinShow]}" onto public java.lang.String cn.lwq.admin.controller.AdminIndexController.signin()
  2017-08-25 14:10:52 [ main ] Mapped "{[/forgotShow]}" onto public java.lang.String cn.lwq.admin.controller.AdminIndexController.forgot()
  2017-08-25 14:10:52 [ main ] Mapped "{[/signupShow]}" onto public java.lang.String cn.lwq.admin.controller.AdminIndexController.signup()
  2017-08-25 14:10:52 [ main ] Mapped "{[/signinC]}" onto public java.lang.String cn.lwq.admin.controller.SignUpInController.signin(cn.lwq.model.User,javax.servlet.http.HttpSession)
  2017-08-25 14:10:52 [ main ] Mapped "{[/signupC]}" onto public java.lang.String cn.lwq.admin.controller.SignUpInController.signup(cn.lwq.model.User,java.lang.String,java.lang.String)
  2017-08-25 14:10:52 [ main ] Mapped "{[/hello]}" onto public java.lang.String cn.lwq.controller.HelloController.greeting(java.lang.String,org.springframework.ui.Model)
  2017-08-25 14:10:52 [ main ] Mapped "{[/]}" onto public java.lang.String cn.lwq.controller.IndexController.index(org.springframework.ui.Model)
  2017-08-25 14:10:52 [ main ] Mapped "{[/about]}" onto public java.lang.String cn.lwq.controller.IndexController.about(org.springframework.ui.Model)
  2017-08-25 14:10:52 [ main ] Mapped "{[/users],methods=[GET]}" onto public java.util.List<cn.lwq.model.User> cn.lwq.controller.SwaggerController.getUsers()
  2017-08-25 14:10:52 [ main ] Mapped "{[/users/{name}],methods=[GET]}" onto public cn.lwq.model.User cn.lwq.controller.SwaggerController.getUserById(java.lang.String)
  2017-08-25 14:10:52 [ main ] Mapped "{[/getUserInfo]}" onto public java.util.List<cn.lwq.model.User> cn.lwq.controller.UserController.getUserInfo()
  2017-08-25 14:10:52 [ main ] Mapped "{[/api-docs],methods=[GET]}" onto public org.springframework.http.ResponseEntity<com.mangofactory.swagger.models.dto.ResourceListing> com.mangofactory.swagger.controllers.DefaultSwaggerController.getResourceListing(java.lang.String)
  2017-08-25 14:10:52 [ main ] Mapped "{[/api-docs/{swaggerGroup}/{apiDeclaration}],methods=[GET]}" onto public org.springframework.http.ResponseEntity<com.mangofactory.swagger.models.dto.ApiListing> com.mangofactory.swagger.controllers.DefaultSwaggerController.getApiListing(java.lang.String,java.lang.String)
  2017-08-25 14:10:52 [ main ] Mapped "{[/error]}" onto public org.springframework.http.ResponseEntity<java.util.Map<java.lang.String, java.lang.Object>> org.springframework.boot.autoconfigure.web.BasicErrorController.error(javax.servlet.http.HttpServletRequest)
  2017-08-25 14:10:52 [ main ] Mapped "{[/error],produces=[text/html]}" onto public org.springframework.web.servlet.ModelAndView org.springframework.boot.autoconfigure.web.BasicErrorController.errorHtml(javax.servlet.http.HttpServletRequest)
  2017-08-25 14:10:53 [ main ] Mapped "{[/metrics/{name:.*}],methods=[GET]}" onto public java.lang.Object org.springframework.boot.actuate.endpoint.mvc.MetricsMvcEndpoint.value(java.lang.String)
  2017-08-25 14:10:53 [ main ] Mapped "{[/metrics],methods=[GET]}" onto public java.lang.Object org.springframework.boot.actuate.endpoint.mvc.EndpointMvcAdapter.invoke()
  2017-08-25 14:10:53 [ main ] Mapped "{[/mappings],methods=[GET]}" onto public java.lang.Object org.springframework.boot.actuate.endpoint.mvc.EndpointMvcAdapter.invoke()
  2017-08-25 14:10:53 [ main ] Mapped "{[/dump],methods=[GET]}" onto public java.lang.Object org.springframework.boot.actuate.endpoint.mvc.EndpointMvcAdapter.invoke()
  2017-08-25 14:10:53 [ main ] Mapped "{[/health]}" onto public java.lang.Object org.springframework.boot.actuate.endpoint.mvc.HealthMvcEndpoint.invoke(java.security.Principal)
  2017-08-25 14:10:53 [ main ] Mapped "{[/configprops],methods=[GET]}" onto public java.lang.Object org.springframework.boot.actuate.endpoint.mvc.EndpointMvcAdapter.invoke()
  2017-08-25 14:10:53 [ main ] Mapped "{[/autoconfig],methods=[GET]}" onto public java.lang.Object org.springframework.boot.actuate.endpoint.mvc.EndpointMvcAdapter.invoke()
  2017-08-25 14:10:53 [ main ] Mapped "{[/info],methods=[GET]}" onto public java.lang.Object org.springframework.boot.actuate.endpoint.mvc.EndpointMvcAdapter.invoke()
  2017-08-25 14:10:53 [ main ] Mapped "{[/env/{name:.*}],methods=[GET]}" onto public java.lang.Object org.springframework.boot.actuate.endpoint.mvc.EnvironmentMvcEndpoint.value(java.lang.String)
  2017-08-25 14:10:53 [ main ] Mapped "{[/env],methods=[GET]}" onto public java.lang.Object org.springframework.boot.actuate.endpoint.mvc.EndpointMvcAdapter.invoke()
  2017-08-25 14:10:53 [ main ] Mapped "{[/beans],methods=[GET]}" onto public java.lang.Object org.springframework.boot.actuate.endpoint.mvc.EndpointMvcAdapter.invoke()
  2017-08-25 14:10:53 [ main ] Mapped "{[/trace],methods=[GET]}" onto public java.lang.Object org.springframework.boot.actuate.endpoint.mvc.EndpointMvcAdapter.invoke()
  2017-08-25 14:10:53 [ main ] Looking for @ControllerAdvice: org.springframework.boot.context.embedded.AnnotationConfigEmbeddedWebApplicationContext@536aaa8d: startup date [Fri Aug 25 14:10:50 CST 2017]; root of context hierarchy
  2017-08-25 14:10:53 [ main ] Mapped URL path [/webjars/**] onto handler of type [class org.springframework.web.servlet.resource.ResourceHttpRequestHandler]
  2017-08-25 14:10:53 [ main ] Mapped URL path [/**] onto handler of type [class org.springframework.web.servlet.resource.ResourceHttpRequestHandler]
  2017-08-25 14:10:53 [ main ] Mapped URL path [/**/favicon.ico] onto handler of type [class org.springframework.web.servlet.resource.ResourceHttpRequestHandler]
  2017-08-25 14:10:53 [ main ] Registering beans for JMX exposure on startup
  2017-08-25 14:10:53 [ main ] Registering beans for JMX exposure on startup
  2017-08-25 14:10:53 [ main ] Starting beans in phase 0
  2017-08-25 14:10:53 [ main ] Located managed bean 'requestMappingEndpoint': registering with JMX server as MBean [org.springframework.boot:type=Endpoint,name=requestMappingEndpoint]
  2017-08-25 14:10:53 [ main ] Located managed bean 'environmentEndpoint': registering with JMX server as MBean [org.springframework.boot:type=Endpoint,name=environmentEndpoint]
  2017-08-25 14:10:53 [ main ] Located managed bean 'healthEndpoint': registering with JMX server as MBean [org.springframework.boot:type=Endpoint,name=healthEndpoint]
  2017-08-25 14:10:53 [ main ] Located managed bean 'beansEndpoint': registering with JMX server as MBean [org.springframework.boot:type=Endpoint,name=beansEndpoint]
  2017-08-25 14:10:53 [ main ] Located managed bean 'infoEndpoint': registering with JMX server as MBean [org.springframework.boot:type=Endpoint,name=infoEndpoint]
  2017-08-25 14:10:53 [ main ] Located managed bean 'metricsEndpoint': registering with JMX server as MBean [org.springframework.boot:type=Endpoint,name=metricsEndpoint]
  2017-08-25 14:10:53 [ main ] Located managed bean 'traceEndpoint': registering with JMX server as MBean [org.springframework.boot:type=Endpoint,name=traceEndpoint]
  2017-08-25 14:10:53 [ main ] Located managed bean 'dumpEndpoint': registering with JMX server as MBean [org.springframework.boot:type=Endpoint,name=dumpEndpoint]
  2017-08-25 14:10:53 [ main ] Located managed bean 'autoConfigurationAuditEndpoint': registering with JMX server as MBean [org.springframework.boot:type=Endpoint,name=autoConfigurationAuditEndpoint]
  2017-08-25 14:10:53 [ main ] Located managed bean 'configurationPropertiesReportEndpoint': registering with JMX server as MBean [org.springframework.boot:type=Endpoint,name=configurationPropertiesReportEndpoint]
  2017-08-25 14:10:53 [ main ] Context refreshed
  2017-08-25 14:10:53 [ main ] Did not find any SwaggerSpringMvcPlugins so creating a default one
  2017-08-25 14:10:53 [ main ] Scanning for api listing references
  2017-08-25 14:10:53 [ main ] Group for method value was metrics-mvc-endpoint
  2017-08-25 14:10:53 [ main ] Request mapping: value belongs to groups: [[ResourceGroup{groupName='metrics-mvc-endpoint', position=0}]] 
  2017-08-25 14:10:53 [ main ] Adding resource to group:ResourceGroup{groupName='metrics-mvc-endpoint', position=0} with description:Metrics Mvc Endpoint for handler method:value
  2017-08-25 14:10:53 [ main ] Group for method invoke was metrics-mvc-endpoint
  2017-08-25 14:10:53 [ main ] Request mapping: invoke belongs to groups: [[ResourceGroup{groupName='metrics-mvc-endpoint', position=0}]] 
  2017-08-25 14:10:53 [ main ] Adding resource to group:ResourceGroup{groupName='metrics-mvc-endpoint', position=0} with description:Metrics Mvc Endpoint for handler method:invoke
  2017-08-25 14:10:53 [ main ] Group for method invoke was endpoint-mvc-adapter
  2017-08-25 14:10:53 [ main ] Request mapping: invoke belongs to groups: [[ResourceGroup{groupName='endpoint-mvc-adapter', position=0}]] 
  2017-08-25 14:10:53 [ main ] Adding resource to group:ResourceGroup{groupName='endpoint-mvc-adapter', position=0} with description:Endpoint Mvc Adapter for handler method:invoke
  2017-08-25 14:10:53 [ main ] Group for method invoke was endpoint-mvc-adapter
  2017-08-25 14:10:53 [ main ] Request mapping: invoke belongs to groups: [[ResourceGroup{groupName='endpoint-mvc-adapter', position=0}]] 
  2017-08-25 14:10:53 [ main ] Adding resource to group:ResourceGroup{groupName='endpoint-mvc-adapter', position=0} with description:Endpoint Mvc Adapter for handler method:invoke
  2017-08-25 14:10:53 [ main ] Group for method invoke was health-mvc-endpoint
  2017-08-25 14:10:53 [ main ] Request mapping: invoke belongs to groups: [[ResourceGroup{groupName='health-mvc-endpoint', position=0}]] 
  2017-08-25 14:10:53 [ main ] Adding resource to group:ResourceGroup{groupName='health-mvc-endpoint', position=0} with description:Health Mvc Endpoint for handler method:invoke
  2017-08-25 14:10:53 [ main ] Group for method invoke was endpoint-mvc-adapter
  2017-08-25 14:10:53 [ main ] Request mapping: invoke belongs to groups: [[ResourceGroup{groupName='endpoint-mvc-adapter', position=0}]] 
  2017-08-25 14:10:53 [ main ] Adding resource to group:ResourceGroup{groupName='endpoint-mvc-adapter', position=0} with description:Endpoint Mvc Adapter for handler method:invoke
  2017-08-25 14:10:53 [ main ] Group for method invoke was endpoint-mvc-adapter
  2017-08-25 14:10:53 [ main ] Request mapping: invoke belongs to groups: [[ResourceGroup{groupName='endpoint-mvc-adapter', position=0}]] 
  2017-08-25 14:10:53 [ main ] Adding resource to group:ResourceGroup{groupName='endpoint-mvc-adapter', position=0} with description:Endpoint Mvc Adapter for handler method:invoke
  2017-08-25 14:10:53 [ main ] Group for method invoke was endpoint-mvc-adapter
  2017-08-25 14:10:53 [ main ] Request mapping: invoke belongs to groups: [[ResourceGroup{groupName='endpoint-mvc-adapter', position=0}]] 
  2017-08-25 14:10:53 [ main ] Adding resource to group:ResourceGroup{groupName='endpoint-mvc-adapter', position=0} with description:Endpoint Mvc Adapter for handler method:invoke
  2017-08-25 14:10:53 [ main ] Group for method value was environment-mvc-endpoint
  2017-08-25 14:10:53 [ main ] Request mapping: value belongs to groups: [[ResourceGroup{groupName='environment-mvc-endpoint', position=0}]] 
  2017-08-25 14:10:53 [ main ] Adding resource to group:ResourceGroup{groupName='environment-mvc-endpoint', position=0} with description:Environment Mvc Endpoint for handler method:value
  2017-08-25 14:10:53 [ main ] Group for method invoke was environment-mvc-endpoint
  2017-08-25 14:10:53 [ main ] Request mapping: invoke belongs to groups: [[ResourceGroup{groupName='environment-mvc-endpoint', position=0}]] 
  2017-08-25 14:10:53 [ main ] Adding resource to group:ResourceGroup{groupName='environment-mvc-endpoint', position=0} with description:Environment Mvc Endpoint for handler method:invoke
  2017-08-25 14:10:53 [ main ] Group for method invoke was endpoint-mvc-adapter
  2017-08-25 14:10:53 [ main ] Request mapping: invoke belongs to groups: [[ResourceGroup{groupName='endpoint-mvc-adapter', position=0}]] 
  2017-08-25 14:10:53 [ main ] Adding resource to group:ResourceGroup{groupName='endpoint-mvc-adapter', position=0} with description:Endpoint Mvc Adapter for handler method:invoke
  2017-08-25 14:10:53 [ main ] Group for method invoke was endpoint-mvc-adapter
  2017-08-25 14:10:53 [ main ] Request mapping: invoke belongs to groups: [[ResourceGroup{groupName='endpoint-mvc-adapter', position=0}]] 
  2017-08-25 14:10:53 [ main ] Adding resource to group:ResourceGroup{groupName='endpoint-mvc-adapter', position=0} with description:Endpoint Mvc Adapter for handler method:invoke
  2017-08-25 14:10:53 [ main ] Group for method signin was admin-index-controller
  2017-08-25 14:10:53 [ main ] Request mapping: signin belongs to groups: [[ResourceGroup{groupName='admin-index-controller', position=0}]] 
  2017-08-25 14:10:53 [ main ] Adding resource to group:ResourceGroup{groupName='admin-index-controller', position=0} with description:Admin Index Controller for handler method:signin
  2017-08-25 14:10:53 [ main ] Group for method forgot was admin-index-controller
  2017-08-25 14:10:53 [ main ] Request mapping: forgot belongs to groups: [[ResourceGroup{groupName='admin-index-controller', position=0}]] 
  2017-08-25 14:10:53 [ main ] Adding resource to group:ResourceGroup{groupName='admin-index-controller', position=0} with description:Admin Index Controller for handler method:forgot
  2017-08-25 14:10:53 [ main ] Group for method signup was admin-index-controller
  2017-08-25 14:10:53 [ main ] Request mapping: signup belongs to groups: [[ResourceGroup{groupName='admin-index-controller', position=0}]] 
  2017-08-25 14:10:53 [ main ] Adding resource to group:ResourceGroup{groupName='admin-index-controller', position=0} with description:Admin Index Controller for handler method:signup
  2017-08-25 14:10:53 [ main ] Group for method signin was sign-up-in-controller
  2017-08-25 14:10:53 [ main ] Request mapping: signin belongs to groups: [[ResourceGroup{groupName='sign-up-in-controller', position=0}]] 
  2017-08-25 14:10:53 [ main ] Adding resource to group:ResourceGroup{groupName='sign-up-in-controller', position=0} with description:Sign Up In Controller for handler method:signin
  2017-08-25 14:10:53 [ main ] Group for method signup was sign-up-in-controller
  2017-08-25 14:10:53 [ main ] Request mapping: signup belongs to groups: [[ResourceGroup{groupName='sign-up-in-controller', position=0}]] 
  2017-08-25 14:10:53 [ main ] Adding resource to group:ResourceGroup{groupName='sign-up-in-controller', position=0} with description:Sign Up In Controller for handler method:signup
  2017-08-25 14:10:53 [ main ] Group for method greeting was hello-controller
  2017-08-25 14:10:53 [ main ] Request mapping: greeting belongs to groups: [[ResourceGroup{groupName='hello-controller', position=0}]] 
  2017-08-25 14:10:53 [ main ] Adding resource to group:ResourceGroup{groupName='hello-controller', position=0} with description:Hello Controller for handler method:greeting
  2017-08-25 14:10:53 [ main ] Group for method index was index-controller
  2017-08-25 14:10:53 [ main ] Request mapping: index belongs to groups: [[ResourceGroup{groupName='index-controller', position=0}]] 
  2017-08-25 14:10:53 [ main ] Adding resource to group:ResourceGroup{groupName='index-controller', position=0} with description:Index Controller for handler method:index
  2017-08-25 14:10:53 [ main ] Group for method about was index-controller
  2017-08-25 14:10:53 [ main ] Request mapping: about belongs to groups: [[ResourceGroup{groupName='index-controller', position=0}]] 
  2017-08-25 14:10:53 [ main ] Adding resource to group:ResourceGroup{groupName='index-controller', position=0} with description:Index Controller for handler method:about
  2017-08-25 14:10:53 [ main ] Group for method getUsers was swagger-controller
  2017-08-25 14:10:53 [ main ] Request mapping: getUsers belongs to groups: [[ResourceGroup{groupName='swagger-controller', position=0}]] 
  2017-08-25 14:10:53 [ main ] Adding resource to group:ResourceGroup{groupName='swagger-controller', position=0} with description:Swagger Controller for handler method:getUsers
  2017-08-25 14:10:53 [ main ] Group for method getUserById was swagger-controller
  2017-08-25 14:10:53 [ main ] Request mapping: getUserById belongs to groups: [[ResourceGroup{groupName='swagger-controller', position=0}]] 
  2017-08-25 14:10:53 [ main ] Adding resource to group:ResourceGroup{groupName='swagger-controller', position=0} with description:Swagger Controller for handler method:getUserById
  2017-08-25 14:10:53 [ main ] Group for method getUserInfo was user-controller
  2017-08-25 14:10:53 [ main ] Request mapping: getUserInfo belongs to groups: [[ResourceGroup{groupName='user-controller', position=0}]] 
  2017-08-25 14:10:53 [ main ] Adding resource to group:ResourceGroup{groupName='user-controller', position=0} with description:User Controller for handler method:getUserInfo
  2017-08-25 14:10:53 [ main ] Excluding method as it contains the excluded annotation: interface com.mangofactory.swagger.annotations.ApiIgnore
  2017-08-25 14:10:53 [ main ] Excluding method as it contains the excluded annotation: interface com.mangofactory.swagger.annotations.ApiIgnore
  2017-08-25 14:10:53 [ main ] Group for method error was basic-error-controller
  2017-08-25 14:10:53 [ main ] Request mapping: error belongs to groups: [[ResourceGroup{groupName='basic-error-controller', position=0}]] 
  2017-08-25 14:10:53 [ main ] Adding resource to group:ResourceGroup{groupName='basic-error-controller', position=0} with description:Basic Error Controller for handler method:error
  2017-08-25 14:10:53 [ main ] Group for method errorHtml was basic-error-controller
  2017-08-25 14:10:53 [ main ] Request mapping: errorHtml belongs to groups: [[ResourceGroup{groupName='basic-error-controller', position=0}]] 
  2017-08-25 14:10:53 [ main ] Adding resource to group:ResourceGroup{groupName='basic-error-controller', position=0} with description:Basic Error Controller for handler method:errorHtml
  2017-08-25 14:10:53 [ main ] Created resource listing Path: /default/endpoint-mvc-adapter Description: endpoint-mvc-adapter Position: 0
  2017-08-25 14:10:53 [ main ] Created resource listing Path: /default/environment-mvc-endpoint Description: environment-mvc-endpoint Position: 0
  2017-08-25 14:10:53 [ main ] Created resource listing Path: /default/index-controller Description: index-controller Position: 0
  2017-08-25 14:10:53 [ main ] Created resource listing Path: /default/hello-controller Description: hello-controller Position: 0
  2017-08-25 14:10:53 [ main ] Created resource listing Path: /default/user-controller Description: user-controller Position: 0
  2017-08-25 14:10:53 [ main ] Created resource listing Path: /default/health-mvc-endpoint Description: health-mvc-endpoint Position: 0
  2017-08-25 14:10:53 [ main ] Created resource listing Path: /default/sign-up-in-controller Description: sign-up-in-controller Position: 0
  2017-08-25 14:10:53 [ main ] Created resource listing Path: /default/swagger-controller Description: swagger-controller Position: 0
  2017-08-25 14:10:53 [ main ] Created resource listing Path: /default/metrics-mvc-endpoint Description: metrics-mvc-endpoint Position: 0
  2017-08-25 14:10:53 [ main ] Created resource listing Path: /default/basic-error-controller Description: basic-error-controller Position: 0
  2017-08-25 14:10:53 [ main ] Created resource listing Path: /default/admin-index-controller Description: admin-index-controller Position: 0
  2017-08-25 14:10:53 [ main ] Added a resource listing with (11) api resources: 
  2017-08-25 14:10:53 [ main ]   Admin Index Controller at location: /api-docs/default/admin-index-controller
  2017-08-25 14:10:53 [ main ]   Basic Error Controller at location: /api-docs/default/basic-error-controller
  2017-08-25 14:10:53 [ main ]   Endpoint Mvc Adapter at location: /api-docs/default/endpoint-mvc-adapter
  2017-08-25 14:10:53 [ main ]   Environment Mvc Endpoint at location: /api-docs/default/environment-mvc-endpoint
  2017-08-25 14:10:53 [ main ]   Health Mvc Endpoint at location: /api-docs/default/health-mvc-endpoint
  2017-08-25 14:10:53 [ main ]   Hello Controller at location: /api-docs/default/hello-controller
  2017-08-25 14:10:53 [ main ]   Index Controller at location: /api-docs/default/index-controller
  2017-08-25 14:10:53 [ main ]   Metrics Mvc Endpoint at location: /api-docs/default/metrics-mvc-endpoint
  2017-08-25 14:10:53 [ main ]   Sign Up In Controller at location: /api-docs/default/sign-up-in-controller
  2017-08-25 14:10:53 [ main ]   Swagger Controller at location: /api-docs/default/swagger-controller
  2017-08-25 14:10:53 [ main ]   User Controller at location: /api-docs/default/user-controller
  2017-08-25 14:10:53 [ main ] Initializing ProtocolHandler ["http-nio-8011"]
  2017-08-25 14:10:53 [ main ] Starting ProtocolHandler ["http-nio-8011"]
  2017-08-25 14:10:53 [ main ] Using a shared selector for servlet write/read
  2017-08-25 14:10:53 [ main ] Tomcat started on port(s): 8011 (http)
  2017-08-25 14:10:53 [ main ] Started Application in 3.467 seconds (JVM running for 3.736)
  2017-08-25 14:10:53 [ main ] SpringBoot Start Success
  2017-08-25 14:10:58 [ http-nio-8011-exec-1 ] Initializing Spring FrameworkServlet 'dispatcherServlet'
  2017-08-25 14:10:58 [ http-nio-8011-exec-1 ] FrameworkServlet 'dispatcherServlet': initialization started
  2017-08-25 14:10:58 [ http-nio-8011-exec-1 ] FrameworkServlet 'dispatcherServlet': initialization completed in 11 ms
  2017-08-25 14:10:59 [ http-nio-8011-exec-1 ] 注册成功
  2017-08-25 14:10:59 [ http-nio-8011-exec-1 ] [THYMELEAF] INITIALIZING TEMPLATE ENGINE
  2017-08-25 14:10:59 [ http-nio-8011-exec-1 ] [THYMELEAF] INITIALIZING TEMPLATE RESOLVER: org.thymeleaf.templateresolver.TemplateResolver
  2017-08-25 14:10:59 [ http-nio-8011-exec-1 ] [THYMELEAF] TEMPLATE RESOLVER INITIALIZED OK
  2017-08-25 14:10:59 [ http-nio-8011-exec-1 ] [THYMELEAF] INITIALIZING MESSAGE RESOLVER: org.thymeleaf.spring4.messageresolver.SpringMessageResolver
  2017-08-25 14:10:59 [ http-nio-8011-exec-1 ] [THYMELEAF] MESSAGE RESOLVER INITIALIZED OK
  2017-08-25 14:10:59 [ http-nio-8011-exec-1 ] [THYMELEAF] TEMPLATE ENGINE CONFIGURATION:
[THYMELEAF] * Cache Factory implementation: org.thymeleaf.cache.StandardCacheManager
[THYMELEAF] * Template modes:
[THYMELEAF]     * XML
[THYMELEAF]     * VALIDXML
[THYMELEAF]     * HTML5
[THYMELEAF]     * LEGACYHTML5
[THYMELEAF]     * VALIDXHTML
[THYMELEAF]     * XHTML
[THYMELEAF] * Template resolvers (in order):
[THYMELEAF]     * org.thymeleaf.templateresolver.TemplateResolver
[THYMELEAF] * Message resolvers (in order):
[THYMELEAF]     * org.thymeleaf.spring4.messageresolver.SpringMessageResolver
[THYMELEAF] * Dialect [1 of 2]: org.thymeleaf.spring4.dialect.SpringStandardDialect
[THYMELEAF]     * Prefix: "th"
[THYMELEAF] * Dialect [2 of 2]: nz.net.ultraq.thymeleaf.LayoutDialect
[THYMELEAF]     * Prefix: "layout"
[THYMELEAF] TEMPLATE ENGINE CONFIGURED OK
  2017-08-25 14:10:59 [ http-nio-8011-exec-1 ] [THYMELEAF] TEMPLATE ENGINE INITIALIZED
  2017-08-25 14:14:39 [ main ] Starting Application on PC-20170177777 with PID 5652 (D:\JAVA\demo\springboot-mybatis-master\target\classes started by Administrator in D:\JAVA\demo\springboot-mybatis-master)
  2017-08-25 14:14:39 [ main ] Refreshing org.springframework.boot.context.embedded.AnnotationConfigEmbeddedWebApplicationContext@2a3b5b47: startup date [Fri Aug 25 14:14:39 CST 2017]; root of context hierarchy
  2017-08-25 14:14:39 [ main ] Overriding bean definition for bean 'beanNameViewResolver': replacing [Root bean: class [null]; scope=; abstract=false; lazyInit=false; autowireMode=3; dependencyCheck=0; autowireCandidate=true; primary=false; factoryBeanName=org.springframework.boot.autoconfigure.web.ErrorMvcAutoConfiguration$WhitelabelErrorViewConfiguration; factoryMethodName=beanNameViewResolver; initMethodName=null; destroyMethodName=(inferred); defined in class path resource [org/springframework/boot/autoconfigure/web/ErrorMvcAutoConfiguration$WhitelabelErrorViewConfiguration.class]] with [Root bean: class [null]; scope=; abstract=false; lazyInit=false; autowireMode=3; dependencyCheck=0; autowireCandidate=true; primary=false; factoryBeanName=org.springframework.boot.autoconfigure.web.WebMvcAutoConfiguration$WebMvcAutoConfigurationAdapter; factoryMethodName=beanNameViewResolver; initMethodName=null; destroyMethodName=(inferred); defined in class path resource [org/springframework/boot/autoconfigure/web/WebMvcAutoConfiguration$WebMvcAutoConfigurationAdapter.class]]
  2017-08-25 14:14:40 [ main ] HV000001: Hibernate Validator 5.1.3.Final
  2017-08-25 14:14:40 [ main ] Bean 'application' of type [class cn.lwq.Application$$EnhancerBySpringCGLIB$$ed52dbc8] is not eligible for getting processed by all BeanPostProcessors (for example: not eligible for auto-proxying)
  2017-08-25 14:14:40 [ main ] Bean 'dataSource' of type [class org.apache.tomcat.jdbc.pool.DataSource] is not eligible for getting processed by all BeanPostProcessors (for example: not eligible for auto-proxying)
  2017-08-25 14:14:40 [ main ] Bean 'sqlSessionFactoryBean' of type [class org.apache.ibatis.session.defaults.DefaultSqlSessionFactory] is not eligible for getting processed by all BeanPostProcessors (for example: not eligible for auto-proxying)
  2017-08-25 14:14:40 [ main ] Bean 'userMapper' of type [class org.mybatis.spring.mapper.MapperFactoryBean] is not eligible for getting processed by all BeanPostProcessors (for example: not eligible for auto-proxying)
  2017-08-25 14:14:40 [ main ] Bean 'customUserMapper' of type [class org.mybatis.spring.mapper.MapperFactoryBean] is not eligible for getting processed by all BeanPostProcessors (for example: not eligible for auto-proxying)
  2017-08-25 14:14:40 [ main ] Bean 'customSystemDateMapper' of type [class org.mybatis.spring.mapper.MapperFactoryBean] is not eligible for getting processed by all BeanPostProcessors (for example: not eligible for auto-proxying)
  2017-08-25 14:14:40 [ main ] Bean 'org.springframework.transaction.annotation.ProxyTransactionManagementConfiguration' of type [class org.springframework.transaction.annotation.ProxyTransactionManagementConfiguration$$EnhancerBySpringCGLIB$$50b031fe] is not eligible for getting processed by all BeanPostProcessors (for example: not eligible for auto-proxying)
  2017-08-25 14:14:40 [ main ] Bean 'transactionAttributeSource' of type [class org.springframework.transaction.annotation.AnnotationTransactionAttributeSource] is not eligible for getting processed by all BeanPostProcessors (for example: not eligible for auto-proxying)
  2017-08-25 14:14:40 [ main ] Bean 'transactionInterceptor' of type [class org.springframework.transaction.interceptor.TransactionInterceptor] is not eligible for getting processed by all BeanPostProcessors (for example: not eligible for auto-proxying)
  2017-08-25 14:14:40 [ main ] Bean 'org.springframework.transaction.config.internalTransactionAdvisor' of type [class org.springframework.transaction.interceptor.BeanFactoryTransactionAttributeSourceAdvisor] is not eligible for getting processed by all BeanPostProcessors (for example: not eligible for auto-proxying)
  2017-08-25 14:14:40 [ main ] Tomcat initialized with port(s): 8011 (http)
  2017-08-25 14:14:41 [ main ] Starting service Tomcat
  2017-08-25 14:14:41 [ main ] Starting Servlet Engine: Apache Tomcat/8.0.23
  2017-08-25 14:14:41 [ localhost-startStop-1 ] Initializing Spring embedded WebApplicationContext
  2017-08-25 14:14:41 [ localhost-startStop-1 ] Root WebApplicationContext: initialization completed in 1925 ms
  2017-08-25 14:14:41 [ localhost-startStop-1 ] Mapping servlet: 'dispatcherServlet' to [/]
  2017-08-25 14:14:41 [ localhost-startStop-1 ] Mapping filter: 'metricFilter' to: [/*]
  2017-08-25 14:14:41 [ localhost-startStop-1 ] Mapping filter: 'characterEncodingFilter' to: [/*]
  2017-08-25 14:14:41 [ localhost-startStop-1 ] Mapping filter: 'hiddenHttpMethodFilter' to: [/*]
  2017-08-25 14:14:41 [ localhost-startStop-1 ] Mapping filter: 'webRequestLoggingFilter' to: [/*]
  2017-08-25 14:14:41 [ localhost-startStop-1 ] Mapping filter: 'applicationContextIdFilter' to: [/*]
  2017-08-25 14:14:41 [ main ] Mapped "{[/signupShow]}" onto public java.lang.String cn.lwq.admin.controller.AdminIndexController.signup()
  2017-08-25 14:14:41 [ main ] Mapped "{[/forgotShow]}" onto public java.lang.String cn.lwq.admin.controller.AdminIndexController.forgot()
  2017-08-25 14:14:41 [ main ] Mapped "{[/signinShow]}" onto public java.lang.String cn.lwq.admin.controller.AdminIndexController.signin()
  2017-08-25 14:14:41 [ main ] Mapped "{[/signupC]}" onto public java.lang.String cn.lwq.admin.controller.SignUpInController.signup(cn.lwq.model.User,java.lang.String,java.lang.String)
  2017-08-25 14:14:41 [ main ] Mapped "{[/signinC]}" onto public java.lang.String cn.lwq.admin.controller.SignUpInController.signin(cn.lwq.model.User,javax.servlet.http.HttpSession)
  2017-08-25 14:14:41 [ main ] Mapped "{[/hello]}" onto public java.lang.String cn.lwq.controller.HelloController.greeting(java.lang.String,org.springframework.ui.Model)
  2017-08-25 14:14:41 [ main ] Mapped "{[/]}" onto public java.lang.String cn.lwq.controller.IndexController.index(org.springframework.ui.Model)
  2017-08-25 14:14:41 [ main ] Mapped "{[/about]}" onto public java.lang.String cn.lwq.controller.IndexController.about(org.springframework.ui.Model)
  2017-08-25 14:14:41 [ main ] Mapped "{[/users],methods=[GET]}" onto public java.util.List<cn.lwq.model.User> cn.lwq.controller.SwaggerController.getUsers()
  2017-08-25 14:14:41 [ main ] Mapped "{[/users/{name}],methods=[GET]}" onto public cn.lwq.model.User cn.lwq.controller.SwaggerController.getUserById(java.lang.String)
  2017-08-25 14:14:41 [ main ] Mapped "{[/getUserInfo]}" onto public java.util.List<cn.lwq.model.User> cn.lwq.controller.UserController.getUserInfo()
  2017-08-25 14:14:41 [ main ] Mapped "{[/api-docs],methods=[GET]}" onto public org.springframework.http.ResponseEntity<com.mangofactory.swagger.models.dto.ResourceListing> com.mangofactory.swagger.controllers.DefaultSwaggerController.getResourceListing(java.lang.String)
  2017-08-25 14:14:41 [ main ] Mapped "{[/api-docs/{swaggerGroup}/{apiDeclaration}],methods=[GET]}" onto public org.springframework.http.ResponseEntity<com.mangofactory.swagger.models.dto.ApiListing> com.mangofactory.swagger.controllers.DefaultSwaggerController.getApiListing(java.lang.String,java.lang.String)
  2017-08-25 14:14:41 [ main ] Mapped "{[/error]}" onto public org.springframework.http.ResponseEntity<java.util.Map<java.lang.String, java.lang.Object>> org.springframework.boot.autoconfigure.web.BasicErrorController.error(javax.servlet.http.HttpServletRequest)
  2017-08-25 14:14:41 [ main ] Mapped "{[/error],produces=[text/html]}" onto public org.springframework.web.servlet.ModelAndView org.springframework.boot.autoconfigure.web.BasicErrorController.errorHtml(javax.servlet.http.HttpServletRequest)
  2017-08-25 14:14:42 [ main ] Mapped "{[/env/{name:.*}],methods=[GET]}" onto public java.lang.Object org.springframework.boot.actuate.endpoint.mvc.EnvironmentMvcEndpoint.value(java.lang.String)
  2017-08-25 14:14:42 [ main ] Mapped "{[/env],methods=[GET]}" onto public java.lang.Object org.springframework.boot.actuate.endpoint.mvc.EndpointMvcAdapter.invoke()
  2017-08-25 14:14:42 [ main ] Mapped "{[/info],methods=[GET]}" onto public java.lang.Object org.springframework.boot.actuate.endpoint.mvc.EndpointMvcAdapter.invoke()
  2017-08-25 14:14:42 [ main ] Mapped "{[/autoconfig],methods=[GET]}" onto public java.lang.Object org.springframework.boot.actuate.endpoint.mvc.EndpointMvcAdapter.invoke()
  2017-08-25 14:14:42 [ main ] Mapped "{[/trace],methods=[GET]}" onto public java.lang.Object org.springframework.boot.actuate.endpoint.mvc.EndpointMvcAdapter.invoke()
  2017-08-25 14:14:42 [ main ] Mapped "{[/dump],methods=[GET]}" onto public java.lang.Object org.springframework.boot.actuate.endpoint.mvc.EndpointMvcAdapter.invoke()
  2017-08-25 14:14:42 [ main ] Mapped "{[/beans],methods=[GET]}" onto public java.lang.Object org.springframework.boot.actuate.endpoint.mvc.EndpointMvcAdapter.invoke()
  2017-08-25 14:14:42 [ main ] Mapped "{[/configprops],methods=[GET]}" onto public java.lang.Object org.springframework.boot.actuate.endpoint.mvc.EndpointMvcAdapter.invoke()
  2017-08-25 14:14:42 [ main ] Mapped "{[/mappings],methods=[GET]}" onto public java.lang.Object org.springframework.boot.actuate.endpoint.mvc.EndpointMvcAdapter.invoke()
  2017-08-25 14:14:42 [ main ] Mapped "{[/health]}" onto public java.lang.Object org.springframework.boot.actuate.endpoint.mvc.HealthMvcEndpoint.invoke(java.security.Principal)
  2017-08-25 14:14:42 [ main ] Mapped "{[/metrics/{name:.*}],methods=[GET]}" onto public java.lang.Object org.springframework.boot.actuate.endpoint.mvc.MetricsMvcEndpoint.value(java.lang.String)
  2017-08-25 14:14:42 [ main ] Mapped "{[/metrics],methods=[GET]}" onto public java.lang.Object org.springframework.boot.actuate.endpoint.mvc.EndpointMvcAdapter.invoke()
  2017-08-25 14:14:42 [ main ] Looking for @ControllerAdvice: org.springframework.boot.context.embedded.AnnotationConfigEmbeddedWebApplicationContext@2a3b5b47: startup date [Fri Aug 25 14:14:39 CST 2017]; root of context hierarchy
  2017-08-25 14:14:42 [ main ] Mapped URL path [/webjars/**] onto handler of type [class org.springframework.web.servlet.resource.ResourceHttpRequestHandler]
  2017-08-25 14:14:42 [ main ] Mapped URL path [/**] onto handler of type [class org.springframework.web.servlet.resource.ResourceHttpRequestHandler]
  2017-08-25 14:14:42 [ main ] Mapped URL path [/**/favicon.ico] onto handler of type [class org.springframework.web.servlet.resource.ResourceHttpRequestHandler]
  2017-08-25 14:14:42 [ main ] Registering beans for JMX exposure on startup
  2017-08-25 14:14:42 [ main ] Registering beans for JMX exposure on startup
  2017-08-25 14:14:42 [ main ] Starting beans in phase 0
  2017-08-25 14:14:42 [ main ] Located managed bean 'requestMappingEndpoint': registering with JMX server as MBean [org.springframework.boot:type=Endpoint,name=requestMappingEndpoint]
  2017-08-25 14:14:42 [ main ] Located managed bean 'environmentEndpoint': registering with JMX server as MBean [org.springframework.boot:type=Endpoint,name=environmentEndpoint]
  2017-08-25 14:14:42 [ main ] Located managed bean 'healthEndpoint': registering with JMX server as MBean [org.springframework.boot:type=Endpoint,name=healthEndpoint]
  2017-08-25 14:14:42 [ main ] Located managed bean 'beansEndpoint': registering with JMX server as MBean [org.springframework.boot:type=Endpoint,name=beansEndpoint]
  2017-08-25 14:14:42 [ main ] Located managed bean 'infoEndpoint': registering with JMX server as MBean [org.springframework.boot:type=Endpoint,name=infoEndpoint]
  2017-08-25 14:14:42 [ main ] Located managed bean 'metricsEndpoint': registering with JMX server as MBean [org.springframework.boot:type=Endpoint,name=metricsEndpoint]
  2017-08-25 14:14:42 [ main ] Located managed bean 'traceEndpoint': registering with JMX server as MBean [org.springframework.boot:type=Endpoint,name=traceEndpoint]
  2017-08-25 14:14:42 [ main ] Located managed bean 'dumpEndpoint': registering with JMX server as MBean [org.springframework.boot:type=Endpoint,name=dumpEndpoint]
  2017-08-25 14:14:42 [ main ] Located managed bean 'autoConfigurationAuditEndpoint': registering with JMX server as MBean [org.springframework.boot:type=Endpoint,name=autoConfigurationAuditEndpoint]
  2017-08-25 14:14:42 [ main ] Located managed bean 'configurationPropertiesReportEndpoint': registering with JMX server as MBean [org.springframework.boot:type=Endpoint,name=configurationPropertiesReportEndpoint]
  2017-08-25 14:14:42 [ main ] Context refreshed
  2017-08-25 14:14:42 [ main ] Did not find any SwaggerSpringMvcPlugins so creating a default one
  2017-08-25 14:14:42 [ main ] Scanning for api listing references
  2017-08-25 14:14:42 [ main ] Group for method value was environment-mvc-endpoint
  2017-08-25 14:14:42 [ main ] Request mapping: value belongs to groups: [[ResourceGroup{groupName='environment-mvc-endpoint', position=0}]] 
  2017-08-25 14:14:42 [ main ] Adding resource to group:ResourceGroup{groupName='environment-mvc-endpoint', position=0} with description:Environment Mvc Endpoint for handler method:value
  2017-08-25 14:14:42 [ main ] Group for method invoke was environment-mvc-endpoint
  2017-08-25 14:14:42 [ main ] Request mapping: invoke belongs to groups: [[ResourceGroup{groupName='environment-mvc-endpoint', position=0}]] 
  2017-08-25 14:14:42 [ main ] Adding resource to group:ResourceGroup{groupName='environment-mvc-endpoint', position=0} with description:Environment Mvc Endpoint for handler method:invoke
  2017-08-25 14:14:42 [ main ] Group for method invoke was endpoint-mvc-adapter
  2017-08-25 14:14:42 [ main ] Request mapping: invoke belongs to groups: [[ResourceGroup{groupName='endpoint-mvc-adapter', position=0}]] 
  2017-08-25 14:14:42 [ main ] Adding resource to group:ResourceGroup{groupName='endpoint-mvc-adapter', position=0} with description:Endpoint Mvc Adapter for handler method:invoke
  2017-08-25 14:14:42 [ main ] Group for method invoke was endpoint-mvc-adapter
  2017-08-25 14:14:42 [ main ] Request mapping: invoke belongs to groups: [[ResourceGroup{groupName='endpoint-mvc-adapter', position=0}]] 
  2017-08-25 14:14:42 [ main ] Adding resource to group:ResourceGroup{groupName='endpoint-mvc-adapter', position=0} with description:Endpoint Mvc Adapter for handler method:invoke
  2017-08-25 14:14:42 [ main ] Group for method invoke was endpoint-mvc-adapter
  2017-08-25 14:14:42 [ main ] Request mapping: invoke belongs to groups: [[ResourceGroup{groupName='endpoint-mvc-adapter', position=0}]] 
  2017-08-25 14:14:42 [ main ] Adding resource to group:ResourceGroup{groupName='endpoint-mvc-adapter', position=0} with description:Endpoint Mvc Adapter for handler method:invoke
  2017-08-25 14:14:42 [ main ] Group for method invoke was endpoint-mvc-adapter
  2017-08-25 14:14:42 [ main ] Request mapping: invoke belongs to groups: [[ResourceGroup{groupName='endpoint-mvc-adapter', position=0}]] 
  2017-08-25 14:14:42 [ main ] Adding resource to group:ResourceGroup{groupName='endpoint-mvc-adapter', position=0} with description:Endpoint Mvc Adapter for handler method:invoke
  2017-08-25 14:14:42 [ main ] Group for method invoke was endpoint-mvc-adapter
  2017-08-25 14:14:42 [ main ] Request mapping: invoke belongs to groups: [[ResourceGroup{groupName='endpoint-mvc-adapter', position=0}]] 
  2017-08-25 14:14:42 [ main ] Adding resource to group:ResourceGroup{groupName='endpoint-mvc-adapter', position=0} with description:Endpoint Mvc Adapter for handler method:invoke
  2017-08-25 14:14:42 [ main ] Group for method invoke was endpoint-mvc-adapter
  2017-08-25 14:14:42 [ main ] Request mapping: invoke belongs to groups: [[ResourceGroup{groupName='endpoint-mvc-adapter', position=0}]] 
  2017-08-25 14:14:42 [ main ] Adding resource to group:ResourceGroup{groupName='endpoint-mvc-adapter', position=0} with description:Endpoint Mvc Adapter for handler method:invoke
  2017-08-25 14:14:42 [ main ] Group for method invoke was endpoint-mvc-adapter
  2017-08-25 14:14:42 [ main ] Request mapping: invoke belongs to groups: [[ResourceGroup{groupName='endpoint-mvc-adapter', position=0}]] 
  2017-08-25 14:14:42 [ main ] Adding resource to group:ResourceGroup{groupName='endpoint-mvc-adapter', position=0} with description:Endpoint Mvc Adapter for handler method:invoke
  2017-08-25 14:14:42 [ main ] Group for method invoke was health-mvc-endpoint
  2017-08-25 14:14:42 [ main ] Request mapping: invoke belongs to groups: [[ResourceGroup{groupName='health-mvc-endpoint', position=0}]] 
  2017-08-25 14:14:42 [ main ] Adding resource to group:ResourceGroup{groupName='health-mvc-endpoint', position=0} with description:Health Mvc Endpoint for handler method:invoke
  2017-08-25 14:14:42 [ main ] Group for method value was metrics-mvc-endpoint
  2017-08-25 14:14:42 [ main ] Request mapping: value belongs to groups: [[ResourceGroup{groupName='metrics-mvc-endpoint', position=0}]] 
  2017-08-25 14:14:42 [ main ] Adding resource to group:ResourceGroup{groupName='metrics-mvc-endpoint', position=0} with description:Metrics Mvc Endpoint for handler method:value
  2017-08-25 14:14:42 [ main ] Group for method invoke was metrics-mvc-endpoint
  2017-08-25 14:14:42 [ main ] Request mapping: invoke belongs to groups: [[ResourceGroup{groupName='metrics-mvc-endpoint', position=0}]] 
  2017-08-25 14:14:42 [ main ] Adding resource to group:ResourceGroup{groupName='metrics-mvc-endpoint', position=0} with description:Metrics Mvc Endpoint for handler method:invoke
  2017-08-25 14:14:42 [ main ] Group for method signup was admin-index-controller
  2017-08-25 14:14:42 [ main ] Request mapping: signup belongs to groups: [[ResourceGroup{groupName='admin-index-controller', position=0}]] 
  2017-08-25 14:14:42 [ main ] Adding resource to group:ResourceGroup{groupName='admin-index-controller', position=0} with description:Admin Index Controller for handler method:signup
  2017-08-25 14:14:42 [ main ] Group for method forgot was admin-index-controller
  2017-08-25 14:14:42 [ main ] Request mapping: forgot belongs to groups: [[ResourceGroup{groupName='admin-index-controller', position=0}]] 
  2017-08-25 14:14:42 [ main ] Adding resource to group:ResourceGroup{groupName='admin-index-controller', position=0} with description:Admin Index Controller for handler method:forgot
  2017-08-25 14:14:42 [ main ] Group for method signin was admin-index-controller
  2017-08-25 14:14:42 [ main ] Request mapping: signin belongs to groups: [[ResourceGroup{groupName='admin-index-controller', position=0}]] 
  2017-08-25 14:14:42 [ main ] Adding resource to group:ResourceGroup{groupName='admin-index-controller', position=0} with description:Admin Index Controller for handler method:signin
  2017-08-25 14:14:42 [ main ] Group for method signup was sign-up-in-controller
  2017-08-25 14:14:42 [ main ] Request mapping: signup belongs to groups: [[ResourceGroup{groupName='sign-up-in-controller', position=0}]] 
  2017-08-25 14:14:42 [ main ] Adding resource to group:ResourceGroup{groupName='sign-up-in-controller', position=0} with description:Sign Up In Controller for handler method:signup
  2017-08-25 14:14:42 [ main ] Group for method signin was sign-up-in-controller
  2017-08-25 14:14:42 [ main ] Request mapping: signin belongs to groups: [[ResourceGroup{groupName='sign-up-in-controller', position=0}]] 
  2017-08-25 14:14:42 [ main ] Adding resource to group:ResourceGroup{groupName='sign-up-in-controller', position=0} with description:Sign Up In Controller for handler method:signin
  2017-08-25 14:14:42 [ main ] Group for method greeting was hello-controller
  2017-08-25 14:14:42 [ main ] Request mapping: greeting belongs to groups: [[ResourceGroup{groupName='hello-controller', position=0}]] 
  2017-08-25 14:14:42 [ main ] Adding resource to group:ResourceGroup{groupName='hello-controller', position=0} with description:Hello Controller for handler method:greeting
  2017-08-25 14:14:42 [ main ] Group for method index was index-controller
  2017-08-25 14:14:42 [ main ] Request mapping: index belongs to groups: [[ResourceGroup{groupName='index-controller', position=0}]] 
  2017-08-25 14:14:42 [ main ] Adding resource to group:ResourceGroup{groupName='index-controller', position=0} with description:Index Controller for handler method:index
  2017-08-25 14:14:42 [ main ] Group for method about was index-controller
  2017-08-25 14:14:42 [ main ] Request mapping: about belongs to groups: [[ResourceGroup{groupName='index-controller', position=0}]] 
  2017-08-25 14:14:42 [ main ] Adding resource to group:ResourceGroup{groupName='index-controller', position=0} with description:Index Controller for handler method:about
  2017-08-25 14:14:42 [ main ] Group for method getUsers was swagger-controller
  2017-08-25 14:14:42 [ main ] Request mapping: getUsers belongs to groups: [[ResourceGroup{groupName='swagger-controller', position=0}]] 
  2017-08-25 14:14:42 [ main ] Adding resource to group:ResourceGroup{groupName='swagger-controller', position=0} with description:Swagger Controller for handler method:getUsers
  2017-08-25 14:14:42 [ main ] Group for method getUserById was swagger-controller
  2017-08-25 14:14:42 [ main ] Request mapping: getUserById belongs to groups: [[ResourceGroup{groupName='swagger-controller', position=0}]] 
  2017-08-25 14:14:42 [ main ] Adding resource to group:ResourceGroup{groupName='swagger-controller', position=0} with description:Swagger Controller for handler method:getUserById
  2017-08-25 14:14:42 [ main ] Group for method getUserInfo was user-controller
  2017-08-25 14:14:42 [ main ] Request mapping: getUserInfo belongs to groups: [[ResourceGroup{groupName='user-controller', position=0}]] 
  2017-08-25 14:14:42 [ main ] Adding resource to group:ResourceGroup{groupName='user-controller', position=0} with description:User Controller for handler method:getUserInfo
  2017-08-25 14:14:42 [ main ] Excluding method as it contains the excluded annotation: interface com.mangofactory.swagger.annotations.ApiIgnore
  2017-08-25 14:14:42 [ main ] Excluding method as it contains the excluded annotation: interface com.mangofactory.swagger.annotations.ApiIgnore
  2017-08-25 14:14:42 [ main ] Group for method error was basic-error-controller
  2017-08-25 14:14:42 [ main ] Request mapping: error belongs to groups: [[ResourceGroup{groupName='basic-error-controller', position=0}]] 
  2017-08-25 14:14:42 [ main ] Adding resource to group:ResourceGroup{groupName='basic-error-controller', position=0} with description:Basic Error Controller for handler method:error
  2017-08-25 14:14:42 [ main ] Group for method errorHtml was basic-error-controller
  2017-08-25 14:14:42 [ main ] Request mapping: errorHtml belongs to groups: [[ResourceGroup{groupName='basic-error-controller', position=0}]] 
  2017-08-25 14:14:42 [ main ] Adding resource to group:ResourceGroup{groupName='basic-error-controller', position=0} with description:Basic Error Controller for handler method:errorHtml
  2017-08-25 14:14:42 [ main ] Created resource listing Path: /default/environment-mvc-endpoint Description: environment-mvc-endpoint Position: 0
  2017-08-25 14:14:42 [ main ] Created resource listing Path: /default/endpoint-mvc-adapter Description: endpoint-mvc-adapter Position: 0
  2017-08-25 14:14:42 [ main ] Created resource listing Path: /default/index-controller Description: index-controller Position: 0
  2017-08-25 14:14:42 [ main ] Created resource listing Path: /default/hello-controller Description: hello-controller Position: 0
  2017-08-25 14:14:42 [ main ] Created resource listing Path: /default/user-controller Description: user-controller Position: 0
  2017-08-25 14:14:42 [ main ] Created resource listing Path: /default/health-mvc-endpoint Description: health-mvc-endpoint Position: 0
  2017-08-25 14:14:42 [ main ] Created resource listing Path: /default/sign-up-in-controller Description: sign-up-in-controller Position: 0
  2017-08-25 14:14:42 [ main ] Created resource listing Path: /default/swagger-controller Description: swagger-controller Position: 0
  2017-08-25 14:14:42 [ main ] Created resource listing Path: /default/metrics-mvc-endpoint Description: metrics-mvc-endpoint Position: 0
  2017-08-25 14:14:42 [ main ] Created resource listing Path: /default/basic-error-controller Description: basic-error-controller Position: 0
  2017-08-25 14:14:42 [ main ] Created resource listing Path: /default/admin-index-controller Description: admin-index-controller Position: 0
  2017-08-25 14:14:42 [ main ] Added a resource listing with (11) api resources: 
  2017-08-25 14:14:42 [ main ]   Admin Index Controller at location: /api-docs/default/admin-index-controller
  2017-08-25 14:14:42 [ main ]   Basic Error Controller at location: /api-docs/default/basic-error-controller
  2017-08-25 14:14:42 [ main ]   Endpoint Mvc Adapter at location: /api-docs/default/endpoint-mvc-adapter
  2017-08-25 14:14:42 [ main ]   Environment Mvc Endpoint at location: /api-docs/default/environment-mvc-endpoint
  2017-08-25 14:14:42 [ main ]   Health Mvc Endpoint at location: /api-docs/default/health-mvc-endpoint
  2017-08-25 14:14:42 [ main ]   Hello Controller at location: /api-docs/default/hello-controller
  2017-08-25 14:14:42 [ main ]   Index Controller at location: /api-docs/default/index-controller
  2017-08-25 14:14:42 [ main ]   Metrics Mvc Endpoint at location: /api-docs/default/metrics-mvc-endpoint
  2017-08-25 14:14:42 [ main ]   Sign Up In Controller at location: /api-docs/default/sign-up-in-controller
  2017-08-25 14:14:42 [ main ]   Swagger Controller at location: /api-docs/default/swagger-controller
  2017-08-25 14:14:42 [ main ]   User Controller at location: /api-docs/default/user-controller
  2017-08-25 14:14:42 [ main ] Initializing ProtocolHandler ["http-nio-8011"]
  2017-08-25 14:14:42 [ main ] Starting ProtocolHandler ["http-nio-8011"]
  2017-08-25 14:14:42 [ main ] Using a shared selector for servlet write/read
  2017-08-25 14:14:43 [ main ] Tomcat started on port(s): 8011 (http)
  2017-08-25 14:14:43 [ main ] Started Application in 4.03 seconds (JVM running for 4.485)
  2017-08-25 14:14:43 [ main ] SpringBoot Start Success
  2017-08-25 14:15:01 [ http-nio-8011-exec-7 ] Initializing Spring FrameworkServlet 'dispatcherServlet'
  2017-08-25 14:15:01 [ http-nio-8011-exec-7 ] FrameworkServlet 'dispatcherServlet': initialization started
  2017-08-25 14:15:01 [ http-nio-8011-exec-7 ] FrameworkServlet 'dispatcherServlet': initialization completed in 15 ms
  2017-08-25 14:15:46 [ http-nio-8011-exec-7 ] [THYMELEAF] INITIALIZING TEMPLATE ENGINE
  2017-08-25 14:15:46 [ http-nio-8011-exec-7 ] [THYMELEAF] INITIALIZING TEMPLATE RESOLVER: org.thymeleaf.templateresolver.TemplateResolver
  2017-08-25 14:15:46 [ http-nio-8011-exec-7 ] [THYMELEAF] TEMPLATE RESOLVER INITIALIZED OK
  2017-08-25 14:15:46 [ http-nio-8011-exec-7 ] [THYMELEAF] INITIALIZING MESSAGE RESOLVER: org.thymeleaf.spring4.messageresolver.SpringMessageResolver
  2017-08-25 14:15:46 [ http-nio-8011-exec-7 ] [THYMELEAF] MESSAGE RESOLVER INITIALIZED OK
  2017-08-25 14:15:46 [ http-nio-8011-exec-7 ] [THYMELEAF] TEMPLATE ENGINE CONFIGURATION:
[THYMELEAF] * Cache Factory implementation: org.thymeleaf.cache.StandardCacheManager
[THYMELEAF] * Template modes:
[THYMELEAF]     * VALIDXML
[THYMELEAF]     * HTML5
[THYMELEAF]     * XML
[THYMELEAF]     * VALIDXHTML
[THYMELEAF]     * LEGACYHTML5
[THYMELEAF]     * XHTML
[THYMELEAF] * Template resolvers (in order):
[THYMELEAF]     * org.thymeleaf.templateresolver.TemplateResolver
[THYMELEAF] * Message resolvers (in order):
[THYMELEAF]     * org.thymeleaf.spring4.messageresolver.SpringMessageResolver
[THYMELEAF] * Dialect [1 of 2]: org.thymeleaf.spring4.dialect.SpringStandardDialect
[THYMELEAF]     * Prefix: "th"
[THYMELEAF] * Dialect [2 of 2]: nz.net.ultraq.thymeleaf.LayoutDialect
[THYMELEAF]     * Prefix: "layout"
[THYMELEAF] TEMPLATE ENGINE CONFIGURED OK
  2017-08-25 14:15:46 [ http-nio-8011-exec-7 ] [THYMELEAF] TEMPLATE ENGINE INITIALIZED
  2017-08-25 15:00:34 [ main ] Starting Application on PC-20170177777 with PID 2828 (D:\JAVA\demo\springboot-mybatis-master\target\classes started by Administrator in D:\JAVA\demo\springboot-mybatis-master)
  2017-08-25 15:00:35 [ main ] Refreshing org.springframework.boot.context.embedded.AnnotationConfigEmbeddedWebApplicationContext@536aaa8d: startup date [Fri Aug 25 15:00:35 CST 2017]; root of context hierarchy
  2017-08-25 15:00:35 [ main ] Overriding bean definition for bean 'beanNameViewResolver': replacing [Root bean: class [null]; scope=; abstract=false; lazyInit=false; autowireMode=3; dependencyCheck=0; autowireCandidate=true; primary=false; factoryBeanName=org.springframework.boot.autoconfigure.web.ErrorMvcAutoConfiguration$WhitelabelErrorViewConfiguration; factoryMethodName=beanNameViewResolver; initMethodName=null; destroyMethodName=(inferred); defined in class path resource [org/springframework/boot/autoconfigure/web/ErrorMvcAutoConfiguration$WhitelabelErrorViewConfiguration.class]] with [Root bean: class [null]; scope=; abstract=false; lazyInit=false; autowireMode=3; dependencyCheck=0; autowireCandidate=true; primary=false; factoryBeanName=org.springframework.boot.autoconfigure.web.WebMvcAutoConfiguration$WebMvcAutoConfigurationAdapter; factoryMethodName=beanNameViewResolver; initMethodName=null; destroyMethodName=(inferred); defined in class path resource [org/springframework/boot/autoconfigure/web/WebMvcAutoConfiguration$WebMvcAutoConfigurationAdapter.class]]
  2017-08-25 15:00:35 [ main ] HV000001: Hibernate Validator 5.1.3.Final
  2017-08-25 15:00:35 [ main ] Bean 'application' of type [class cn.lwq.Application$$EnhancerBySpringCGLIB$$a39de344] is not eligible for getting processed by all BeanPostProcessors (for example: not eligible for auto-proxying)
  2017-08-25 15:00:36 [ main ] Bean 'dataSource' of type [class org.apache.tomcat.jdbc.pool.DataSource] is not eligible for getting processed by all BeanPostProcessors (for example: not eligible for auto-proxying)
  2017-08-25 15:00:36 [ main ] Bean 'sqlSessionFactoryBean' of type [class org.apache.ibatis.session.defaults.DefaultSqlSessionFactory] is not eligible for getting processed by all BeanPostProcessors (for example: not eligible for auto-proxying)
  2017-08-25 15:00:36 [ main ] Bean 'userMapper' of type [class org.mybatis.spring.mapper.MapperFactoryBean] is not eligible for getting processed by all BeanPostProcessors (for example: not eligible for auto-proxying)
  2017-08-25 15:00:36 [ main ] Bean 'customUserMapper' of type [class org.mybatis.spring.mapper.MapperFactoryBean] is not eligible for getting processed by all BeanPostProcessors (for example: not eligible for auto-proxying)
  2017-08-25 15:00:36 [ main ] Bean 'customSystemDateMapper' of type [class org.mybatis.spring.mapper.MapperFactoryBean] is not eligible for getting processed by all BeanPostProcessors (for example: not eligible for auto-proxying)
  2017-08-25 15:00:36 [ main ] Bean 'org.springframework.transaction.annotation.ProxyTransactionManagementConfiguration' of type [class org.springframework.transaction.annotation.ProxyTransactionManagementConfiguration$$EnhancerBySpringCGLIB$$6fb397a] is not eligible for getting processed by all BeanPostProcessors (for example: not eligible for auto-proxying)
  2017-08-25 15:00:36 [ main ] Bean 'transactionAttributeSource' of type [class org.springframework.transaction.annotation.AnnotationTransactionAttributeSource] is not eligible for getting processed by all BeanPostProcessors (for example: not eligible for auto-proxying)
  2017-08-25 15:00:36 [ main ] Bean 'transactionInterceptor' of type [class org.springframework.transaction.interceptor.TransactionInterceptor] is not eligible for getting processed by all BeanPostProcessors (for example: not eligible for auto-proxying)
  2017-08-25 15:00:36 [ main ] Bean 'org.springframework.transaction.config.internalTransactionAdvisor' of type [class org.springframework.transaction.interceptor.BeanFactoryTransactionAttributeSourceAdvisor] is not eligible for getting processed by all BeanPostProcessors (for example: not eligible for auto-proxying)
  2017-08-25 15:00:36 [ main ] Tomcat initialized with port(s): 8011 (http)
  2017-08-25 15:00:36 [ main ] Starting service Tomcat
  2017-08-25 15:00:36 [ main ] Starting Servlet Engine: Apache Tomcat/8.0.23
  2017-08-25 15:00:36 [ localhost-startStop-1 ] Initializing Spring embedded WebApplicationContext
  2017-08-25 15:00:36 [ localhost-startStop-1 ] Root WebApplicationContext: initialization completed in 1787 ms
  2017-08-25 15:00:37 [ localhost-startStop-1 ] Mapping servlet: 'dispatcherServlet' to [/]
  2017-08-25 15:00:37 [ localhost-startStop-1 ] Mapping filter: 'metricFilter' to: [/*]
  2017-08-25 15:00:37 [ localhost-startStop-1 ] Mapping filter: 'characterEncodingFilter' to: [/*]
  2017-08-25 15:00:37 [ localhost-startStop-1 ] Mapping filter: 'hiddenHttpMethodFilter' to: [/*]
  2017-08-25 15:00:37 [ localhost-startStop-1 ] Mapping filter: 'webRequestLoggingFilter' to: [/*]
  2017-08-25 15:00:37 [ localhost-startStop-1 ] Mapping filter: 'applicationContextIdFilter' to: [/*]
  2017-08-25 15:00:37 [ main ] Mapped "{[/signupShow]}" onto public java.lang.String cn.lwq.admin.controller.AdminIndexController.signup()
  2017-08-25 15:00:37 [ main ] Mapped "{[/signinShow]}" onto public java.lang.String cn.lwq.admin.controller.AdminIndexController.signin()
  2017-08-25 15:00:37 [ main ] Mapped "{[/forgotShow]}" onto public java.lang.String cn.lwq.admin.controller.AdminIndexController.forgot()
  2017-08-25 15:00:37 [ main ] Mapped "{[/signupC]}" onto public java.lang.String cn.lwq.admin.controller.SignUpInController.signup(cn.lwq.model.User,java.lang.String,java.lang.String)
  2017-08-25 15:00:37 [ main ] Mapped "{[/signinC]}" onto public java.lang.String cn.lwq.admin.controller.SignUpInController.signin(cn.lwq.model.User,javax.servlet.http.HttpSession)
  2017-08-25 15:00:37 [ main ] Mapped "{[/hello]}" onto public java.lang.String cn.lwq.controller.HelloController.greeting(java.lang.String,org.springframework.ui.Model)
  2017-08-25 15:00:37 [ main ] Mapped "{[/]}" onto public java.lang.String cn.lwq.controller.IndexController.index(org.springframework.ui.Model)
  2017-08-25 15:00:37 [ main ] Mapped "{[/about]}" onto public java.lang.String cn.lwq.controller.IndexController.about(org.springframework.ui.Model)
  2017-08-25 15:00:37 [ main ] Mapped "{[/users],methods=[GET]}" onto public java.util.List<cn.lwq.model.User> cn.lwq.controller.SwaggerController.getUsers()
  2017-08-25 15:00:37 [ main ] Mapped "{[/users/{name}],methods=[GET]}" onto public cn.lwq.model.User cn.lwq.controller.SwaggerController.getUserById(java.lang.String)
  2017-08-25 15:00:37 [ main ] Mapped "{[/getUserInfo]}" onto public java.util.List<cn.lwq.model.User> cn.lwq.controller.UserController.getUserInfo()
  2017-08-25 15:00:37 [ main ] Mapped "{[/api-docs],methods=[GET]}" onto public org.springframework.http.ResponseEntity<com.mangofactory.swagger.models.dto.ResourceListing> com.mangofactory.swagger.controllers.DefaultSwaggerController.getResourceListing(java.lang.String)
  2017-08-25 15:00:37 [ main ] Mapped "{[/api-docs/{swaggerGroup}/{apiDeclaration}],methods=[GET]}" onto public org.springframework.http.ResponseEntity<com.mangofactory.swagger.models.dto.ApiListing> com.mangofactory.swagger.controllers.DefaultSwaggerController.getApiListing(java.lang.String,java.lang.String)
  2017-08-25 15:00:37 [ main ] Mapped "{[/error]}" onto public org.springframework.http.ResponseEntity<java.util.Map<java.lang.String, java.lang.Object>> org.springframework.boot.autoconfigure.web.BasicErrorController.error(javax.servlet.http.HttpServletRequest)
  2017-08-25 15:00:37 [ main ] Mapped "{[/error],produces=[text/html]}" onto public org.springframework.web.servlet.ModelAndView org.springframework.boot.autoconfigure.web.BasicErrorController.errorHtml(javax.servlet.http.HttpServletRequest)
  2017-08-25 15:00:37 [ main ] Mapped "{[/trace],methods=[GET]}" onto public java.lang.Object org.springframework.boot.actuate.endpoint.mvc.EndpointMvcAdapter.invoke()
  2017-08-25 15:00:37 [ main ] Mapped "{[/metrics/{name:.*}],methods=[GET]}" onto public java.lang.Object org.springframework.boot.actuate.endpoint.mvc.MetricsMvcEndpoint.value(java.lang.String)
  2017-08-25 15:00:37 [ main ] Mapped "{[/metrics],methods=[GET]}" onto public java.lang.Object org.springframework.boot.actuate.endpoint.mvc.EndpointMvcAdapter.invoke()
  2017-08-25 15:00:37 [ main ] Mapped "{[/mappings],methods=[GET]}" onto public java.lang.Object org.springframework.boot.actuate.endpoint.mvc.EndpointMvcAdapter.invoke()
  2017-08-25 15:00:37 [ main ] Mapped "{[/beans],methods=[GET]}" onto public java.lang.Object org.springframework.boot.actuate.endpoint.mvc.EndpointMvcAdapter.invoke()
  2017-08-25 15:00:37 [ main ] Mapped "{[/autoconfig],methods=[GET]}" onto public java.lang.Object org.springframework.boot.actuate.endpoint.mvc.EndpointMvcAdapter.invoke()
  2017-08-25 15:00:37 [ main ] Mapped "{[/env/{name:.*}],methods=[GET]}" onto public java.lang.Object org.springframework.boot.actuate.endpoint.mvc.EnvironmentMvcEndpoint.value(java.lang.String)
  2017-08-25 15:00:37 [ main ] Mapped "{[/env],methods=[GET]}" onto public java.lang.Object org.springframework.boot.actuate.endpoint.mvc.EndpointMvcAdapter.invoke()
  2017-08-25 15:00:37 [ main ] Mapped "{[/info],methods=[GET]}" onto public java.lang.Object org.springframework.boot.actuate.endpoint.mvc.EndpointMvcAdapter.invoke()
  2017-08-25 15:00:37 [ main ] Mapped "{[/configprops],methods=[GET]}" onto public java.lang.Object org.springframework.boot.actuate.endpoint.mvc.EndpointMvcAdapter.invoke()
  2017-08-25 15:00:37 [ main ] Mapped "{[/dump],methods=[GET]}" onto public java.lang.Object org.springframework.boot.actuate.endpoint.mvc.EndpointMvcAdapter.invoke()
  2017-08-25 15:00:37 [ main ] Mapped "{[/health]}" onto public java.lang.Object org.springframework.boot.actuate.endpoint.mvc.HealthMvcEndpoint.invoke(java.security.Principal)
  2017-08-25 15:00:37 [ main ] Looking for @ControllerAdvice: org.springframework.boot.context.embedded.AnnotationConfigEmbeddedWebApplicationContext@536aaa8d: startup date [Fri Aug 25 15:00:35 CST 2017]; root of context hierarchy
  2017-08-25 15:00:37 [ main ] Mapped URL path [/webjars/**] onto handler of type [class org.springframework.web.servlet.resource.ResourceHttpRequestHandler]
  2017-08-25 15:00:37 [ main ] Mapped URL path [/**] onto handler of type [class org.springframework.web.servlet.resource.ResourceHttpRequestHandler]
  2017-08-25 15:00:37 [ main ] Mapped URL path [/**/favicon.ico] onto handler of type [class org.springframework.web.servlet.resource.ResourceHttpRequestHandler]
  2017-08-25 15:00:37 [ main ] Registering beans for JMX exposure on startup
  2017-08-25 15:00:37 [ main ] Registering beans for JMX exposure on startup
  2017-08-25 15:00:37 [ main ] Starting beans in phase 0
  2017-08-25 15:00:37 [ main ] Located managed bean 'requestMappingEndpoint': registering with JMX server as MBean [org.springframework.boot:type=Endpoint,name=requestMappingEndpoint]
  2017-08-25 15:00:37 [ main ] Located managed bean 'environmentEndpoint': registering with JMX server as MBean [org.springframework.boot:type=Endpoint,name=environmentEndpoint]
  2017-08-25 15:00:38 [ main ] Located managed bean 'healthEndpoint': registering with JMX server as MBean [org.springframework.boot:type=Endpoint,name=healthEndpoint]
  2017-08-25 15:00:38 [ main ] Located managed bean 'beansEndpoint': registering with JMX server as MBean [org.springframework.boot:type=Endpoint,name=beansEndpoint]
  2017-08-25 15:00:38 [ main ] Located managed bean 'infoEndpoint': registering with JMX server as MBean [org.springframework.boot:type=Endpoint,name=infoEndpoint]
  2017-08-25 15:00:38 [ main ] Located managed bean 'metricsEndpoint': registering with JMX server as MBean [org.springframework.boot:type=Endpoint,name=metricsEndpoint]
  2017-08-25 15:00:38 [ main ] Located managed bean 'traceEndpoint': registering with JMX server as MBean [org.springframework.boot:type=Endpoint,name=traceEndpoint]
  2017-08-25 15:00:38 [ main ] Located managed bean 'dumpEndpoint': registering with JMX server as MBean [org.springframework.boot:type=Endpoint,name=dumpEndpoint]
  2017-08-25 15:00:38 [ main ] Located managed bean 'autoConfigurationAuditEndpoint': registering with JMX server as MBean [org.springframework.boot:type=Endpoint,name=autoConfigurationAuditEndpoint]
  2017-08-25 15:00:38 [ main ] Located managed bean 'configurationPropertiesReportEndpoint': registering with JMX server as MBean [org.springframework.boot:type=Endpoint,name=configurationPropertiesReportEndpoint]
  2017-08-25 15:00:38 [ main ] Context refreshed
  2017-08-25 15:00:38 [ main ] Did not find any SwaggerSpringMvcPlugins so creating a default one
  2017-08-25 15:00:38 [ main ] Scanning for api listing references
  2017-08-25 15:00:38 [ main ] Group for method invoke was endpoint-mvc-adapter
  2017-08-25 15:00:38 [ main ] Request mapping: invoke belongs to groups: [[ResourceGroup{groupName='endpoint-mvc-adapter', position=0}]] 
  2017-08-25 15:00:38 [ main ] Adding resource to group:ResourceGroup{groupName='endpoint-mvc-adapter', position=0} with description:Endpoint Mvc Adapter for handler method:invoke
  2017-08-25 15:00:38 [ main ] Group for method value was metrics-mvc-endpoint
  2017-08-25 15:00:38 [ main ] Request mapping: value belongs to groups: [[ResourceGroup{groupName='metrics-mvc-endpoint', position=0}]] 
  2017-08-25 15:00:38 [ main ] Adding resource to group:ResourceGroup{groupName='metrics-mvc-endpoint', position=0} with description:Metrics Mvc Endpoint for handler method:value
  2017-08-25 15:00:38 [ main ] Group for method invoke was metrics-mvc-endpoint
  2017-08-25 15:00:38 [ main ] Request mapping: invoke belongs to groups: [[ResourceGroup{groupName='metrics-mvc-endpoint', position=0}]] 
  2017-08-25 15:00:38 [ main ] Adding resource to group:ResourceGroup{groupName='metrics-mvc-endpoint', position=0} with description:Metrics Mvc Endpoint for handler method:invoke
  2017-08-25 15:00:38 [ main ] Group for method invoke was endpoint-mvc-adapter
  2017-08-25 15:00:38 [ main ] Request mapping: invoke belongs to groups: [[ResourceGroup{groupName='endpoint-mvc-adapter', position=0}]] 
  2017-08-25 15:00:38 [ main ] Adding resource to group:ResourceGroup{groupName='endpoint-mvc-adapter', position=0} with description:Endpoint Mvc Adapter for handler method:invoke
  2017-08-25 15:00:38 [ main ] Group for method invoke was endpoint-mvc-adapter
  2017-08-25 15:00:38 [ main ] Request mapping: invoke belongs to groups: [[ResourceGroup{groupName='endpoint-mvc-adapter', position=0}]] 
  2017-08-25 15:00:38 [ main ] Adding resource to group:ResourceGroup{groupName='endpoint-mvc-adapter', position=0} with description:Endpoint Mvc Adapter for handler method:invoke
  2017-08-25 15:00:38 [ main ] Group for method invoke was endpoint-mvc-adapter
  2017-08-25 15:00:38 [ main ] Request mapping: invoke belongs to groups: [[ResourceGroup{groupName='endpoint-mvc-adapter', position=0}]] 
  2017-08-25 15:00:38 [ main ] Adding resource to group:ResourceGroup{groupName='endpoint-mvc-adapter', position=0} with description:Endpoint Mvc Adapter for handler method:invoke
  2017-08-25 15:00:38 [ main ] Group for method value was environment-mvc-endpoint
  2017-08-25 15:00:38 [ main ] Request mapping: value belongs to groups: [[ResourceGroup{groupName='environment-mvc-endpoint', position=0}]] 
  2017-08-25 15:00:38 [ main ] Adding resource to group:ResourceGroup{groupName='environment-mvc-endpoint', position=0} with description:Environment Mvc Endpoint for handler method:value
  2017-08-25 15:00:38 [ main ] Group for method invoke was environment-mvc-endpoint
  2017-08-25 15:00:38 [ main ] Request mapping: invoke belongs to groups: [[ResourceGroup{groupName='environment-mvc-endpoint', position=0}]] 
  2017-08-25 15:00:38 [ main ] Adding resource to group:ResourceGroup{groupName='environment-mvc-endpoint', position=0} with description:Environment Mvc Endpoint for handler method:invoke
  2017-08-25 15:00:38 [ main ] Group for method invoke was endpoint-mvc-adapter
  2017-08-25 15:00:38 [ main ] Request mapping: invoke belongs to groups: [[ResourceGroup{groupName='endpoint-mvc-adapter', position=0}]] 
  2017-08-25 15:00:38 [ main ] Adding resource to group:ResourceGroup{groupName='endpoint-mvc-adapter', position=0} with description:Endpoint Mvc Adapter for handler method:invoke
  2017-08-25 15:00:38 [ main ] Group for method invoke was endpoint-mvc-adapter
  2017-08-25 15:00:38 [ main ] Request mapping: invoke belongs to groups: [[ResourceGroup{groupName='endpoint-mvc-adapter', position=0}]] 
  2017-08-25 15:00:38 [ main ] Adding resource to group:ResourceGroup{groupName='endpoint-mvc-adapter', position=0} with description:Endpoint Mvc Adapter for handler method:invoke
  2017-08-25 15:00:38 [ main ] Group for method invoke was endpoint-mvc-adapter
  2017-08-25 15:00:38 [ main ] Request mapping: invoke belongs to groups: [[ResourceGroup{groupName='endpoint-mvc-adapter', position=0}]] 
  2017-08-25 15:00:38 [ main ] Adding resource to group:ResourceGroup{groupName='endpoint-mvc-adapter', position=0} with description:Endpoint Mvc Adapter for handler method:invoke
  2017-08-25 15:00:38 [ main ] Group for method invoke was health-mvc-endpoint
  2017-08-25 15:00:38 [ main ] Request mapping: invoke belongs to groups: [[ResourceGroup{groupName='health-mvc-endpoint', position=0}]] 
  2017-08-25 15:00:38 [ main ] Adding resource to group:ResourceGroup{groupName='health-mvc-endpoint', position=0} with description:Health Mvc Endpoint for handler method:invoke
  2017-08-25 15:00:38 [ main ] Group for method signup was admin-index-controller
  2017-08-25 15:00:38 [ main ] Request mapping: signup belongs to groups: [[ResourceGroup{groupName='admin-index-controller', position=0}]] 
  2017-08-25 15:00:38 [ main ] Adding resource to group:ResourceGroup{groupName='admin-index-controller', position=0} with description:Admin Index Controller for handler method:signup
  2017-08-25 15:00:38 [ main ] Group for method signin was admin-index-controller
  2017-08-25 15:00:38 [ main ] Request mapping: signin belongs to groups: [[ResourceGroup{groupName='admin-index-controller', position=0}]] 
  2017-08-25 15:00:38 [ main ] Adding resource to group:ResourceGroup{groupName='admin-index-controller', position=0} with description:Admin Index Controller for handler method:signin
  2017-08-25 15:00:38 [ main ] Group for method forgot was admin-index-controller
  2017-08-25 15:00:38 [ main ] Request mapping: forgot belongs to groups: [[ResourceGroup{groupName='admin-index-controller', position=0}]] 
  2017-08-25 15:00:38 [ main ] Adding resource to group:ResourceGroup{groupName='admin-index-controller', position=0} with description:Admin Index Controller for handler method:forgot
  2017-08-25 15:00:38 [ main ] Group for method signup was sign-up-in-controller
  2017-08-25 15:00:38 [ main ] Request mapping: signup belongs to groups: [[ResourceGroup{groupName='sign-up-in-controller', position=0}]] 
  2017-08-25 15:00:38 [ main ] Adding resource to group:ResourceGroup{groupName='sign-up-in-controller', position=0} with description:Sign Up In Controller for handler method:signup
  2017-08-25 15:00:38 [ main ] Group for method signin was sign-up-in-controller
  2017-08-25 15:00:38 [ main ] Request mapping: signin belongs to groups: [[ResourceGroup{groupName='sign-up-in-controller', position=0}]] 
  2017-08-25 15:00:38 [ main ] Adding resource to group:ResourceGroup{groupName='sign-up-in-controller', position=0} with description:Sign Up In Controller for handler method:signin
  2017-08-25 15:00:38 [ main ] Group for method greeting was hello-controller
  2017-08-25 15:00:38 [ main ] Request mapping: greeting belongs to groups: [[ResourceGroup{groupName='hello-controller', position=0}]] 
  2017-08-25 15:00:38 [ main ] Adding resource to group:ResourceGroup{groupName='hello-controller', position=0} with description:Hello Controller for handler method:greeting
  2017-08-25 15:00:38 [ main ] Group for method index was index-controller
  2017-08-25 15:00:38 [ main ] Request mapping: index belongs to groups: [[ResourceGroup{groupName='index-controller', position=0}]] 
  2017-08-25 15:00:38 [ main ] Adding resource to group:ResourceGroup{groupName='index-controller', position=0} with description:Index Controller for handler method:index
  2017-08-25 15:00:38 [ main ] Group for method about was index-controller
  2017-08-25 15:00:38 [ main ] Request mapping: about belongs to groups: [[ResourceGroup{groupName='index-controller', position=0}]] 
  2017-08-25 15:00:38 [ main ] Adding resource to group:ResourceGroup{groupName='index-controller', position=0} with description:Index Controller for handler method:about
  2017-08-25 15:00:38 [ main ] Group for method getUsers was swagger-controller
  2017-08-25 15:00:38 [ main ] Request mapping: getUsers belongs to groups: [[ResourceGroup{groupName='swagger-controller', position=0}]] 
  2017-08-25 15:00:38 [ main ] Adding resource to group:ResourceGroup{groupName='swagger-controller', position=0} with description:Swagger Controller for handler method:getUsers
  2017-08-25 15:00:38 [ main ] Group for method getUserById was swagger-controller
  2017-08-25 15:00:38 [ main ] Request mapping: getUserById belongs to groups: [[ResourceGroup{groupName='swagger-controller', position=0}]] 
  2017-08-25 15:00:38 [ main ] Adding resource to group:ResourceGroup{groupName='swagger-controller', position=0} with description:Swagger Controller for handler method:getUserById
  2017-08-25 15:00:38 [ main ] Group for method getUserInfo was user-controller
  2017-08-25 15:00:38 [ main ] Request mapping: getUserInfo belongs to groups: [[ResourceGroup{groupName='user-controller', position=0}]] 
  2017-08-25 15:00:38 [ main ] Adding resource to group:ResourceGroup{groupName='user-controller', position=0} with description:User Controller for handler method:getUserInfo
  2017-08-25 15:00:38 [ main ] Excluding method as it contains the excluded annotation: interface com.mangofactory.swagger.annotations.ApiIgnore
  2017-08-25 15:00:38 [ main ] Excluding method as it contains the excluded annotation: interface com.mangofactory.swagger.annotations.ApiIgnore
  2017-08-25 15:00:38 [ main ] Group for method error was basic-error-controller
  2017-08-25 15:00:38 [ main ] Request mapping: error belongs to groups: [[ResourceGroup{groupName='basic-error-controller', position=0}]] 
  2017-08-25 15:00:38 [ main ] Adding resource to group:ResourceGroup{groupName='basic-error-controller', position=0} with description:Basic Error Controller for handler method:error
  2017-08-25 15:00:38 [ main ] Group for method errorHtml was basic-error-controller
  2017-08-25 15:00:38 [ main ] Request mapping: errorHtml belongs to groups: [[ResourceGroup{groupName='basic-error-controller', position=0}]] 
  2017-08-25 15:00:38 [ main ] Adding resource to group:ResourceGroup{groupName='basic-error-controller', position=0} with description:Basic Error Controller for handler method:errorHtml
  2017-08-25 15:00:38 [ main ] Created resource listing Path: /default/endpoint-mvc-adapter Description: endpoint-mvc-adapter Position: 0
  2017-08-25 15:00:38 [ main ] Created resource listing Path: /default/environment-mvc-endpoint Description: environment-mvc-endpoint Position: 0
  2017-08-25 15:00:38 [ main ] Created resource listing Path: /default/index-controller Description: index-controller Position: 0
  2017-08-25 15:00:38 [ main ] Created resource listing Path: /default/hello-controller Description: hello-controller Position: 0
  2017-08-25 15:00:38 [ main ] Created resource listing Path: /default/user-controller Description: user-controller Position: 0
  2017-08-25 15:00:38 [ main ] Created resource listing Path: /default/health-mvc-endpoint Description: health-mvc-endpoint Position: 0
  2017-08-25 15:00:38 [ main ] Created resource listing Path: /default/sign-up-in-controller Description: sign-up-in-controller Position: 0
  2017-08-25 15:00:38 [ main ] Created resource listing Path: /default/swagger-controller Description: swagger-controller Position: 0
  2017-08-25 15:00:38 [ main ] Created resource listing Path: /default/metrics-mvc-endpoint Description: metrics-mvc-endpoint Position: 0
  2017-08-25 15:00:38 [ main ] Created resource listing Path: /default/basic-error-controller Description: basic-error-controller Position: 0
  2017-08-25 15:00:38 [ main ] Created resource listing Path: /default/admin-index-controller Description: admin-index-controller Position: 0
  2017-08-25 15:00:38 [ main ] Added a resource listing with (11) api resources: 
  2017-08-25 15:00:38 [ main ]   Admin Index Controller at location: /api-docs/default/admin-index-controller
  2017-08-25 15:00:38 [ main ]   Basic Error Controller at location: /api-docs/default/basic-error-controller
  2017-08-25 15:00:38 [ main ]   Endpoint Mvc Adapter at location: /api-docs/default/endpoint-mvc-adapter
  2017-08-25 15:00:38 [ main ]   Environment Mvc Endpoint at location: /api-docs/default/environment-mvc-endpoint
  2017-08-25 15:00:38 [ main ]   Health Mvc Endpoint at location: /api-docs/default/health-mvc-endpoint
  2017-08-25 15:00:38 [ main ]   Hello Controller at location: /api-docs/default/hello-controller
  2017-08-25 15:00:38 [ main ]   Index Controller at location: /api-docs/default/index-controller
  2017-08-25 15:00:38 [ main ]   Metrics Mvc Endpoint at location: /api-docs/default/metrics-mvc-endpoint
  2017-08-25 15:00:38 [ main ]   Sign Up In Controller at location: /api-docs/default/sign-up-in-controller
  2017-08-25 15:00:38 [ main ]   Swagger Controller at location: /api-docs/default/swagger-controller
  2017-08-25 15:00:38 [ main ]   User Controller at location: /api-docs/default/user-controller
  2017-08-25 15:00:38 [ main ] Initializing ProtocolHandler ["http-nio-8011"]
  2017-08-25 15:00:38 [ main ] Starting ProtocolHandler ["http-nio-8011"]
  2017-08-25 15:00:38 [ main ] Using a shared selector for servlet write/read
  2017-08-25 15:00:38 [ main ] Tomcat started on port(s): 8011 (http)
  2017-08-25 15:00:38 [ main ] Started Application in 3.444 seconds (JVM running for 3.716)
  2017-08-25 15:00:38 [ main ] SpringBoot Start Success
  2017-08-25 15:00:56 [ http-nio-8011-exec-1 ] Initializing Spring FrameworkServlet 'dispatcherServlet'
  2017-08-25 15:00:56 [ http-nio-8011-exec-1 ] FrameworkServlet 'dispatcherServlet': initialization started
  2017-08-25 15:00:56 [ http-nio-8011-exec-1 ] FrameworkServlet 'dispatcherServlet': initialization completed in 11 ms
  2017-08-25 15:00:56 [ http-nio-8011-exec-1 ] 注册成功
  2017-08-25 15:00:56 [ http-nio-8011-exec-1 ] [THYMELEAF] INITIALIZING TEMPLATE ENGINE
  2017-08-25 15:00:56 [ http-nio-8011-exec-1 ] [THYMELEAF] INITIALIZING TEMPLATE RESOLVER: org.thymeleaf.templateresolver.TemplateResolver
  2017-08-25 15:00:56 [ http-nio-8011-exec-1 ] [THYMELEAF] TEMPLATE RESOLVER INITIALIZED OK
  2017-08-25 15:00:56 [ http-nio-8011-exec-1 ] [THYMELEAF] INITIALIZING MESSAGE RESOLVER: org.thymeleaf.spring4.messageresolver.SpringMessageResolver
  2017-08-25 15:00:56 [ http-nio-8011-exec-1 ] [THYMELEAF] MESSAGE RESOLVER INITIALIZED OK
  2017-08-25 15:00:56 [ http-nio-8011-exec-1 ] [THYMELEAF] TEMPLATE ENGINE CONFIGURATION:
[THYMELEAF] * Cache Factory implementation: org.thymeleaf.cache.StandardCacheManager
[THYMELEAF] * Template modes:
[THYMELEAF]     * VALIDXML
[THYMELEAF]     * XHTML
[THYMELEAF]     * XML
[THYMELEAF]     * VALIDXHTML
[THYMELEAF]     * LEGACYHTML5
[THYMELEAF]     * HTML5
[THYMELEAF] * Template resolvers (in order):
[THYMELEAF]     * org.thymeleaf.templateresolver.TemplateResolver
[THYMELEAF] * Message resolvers (in order):
[THYMELEAF]     * org.thymeleaf.spring4.messageresolver.SpringMessageResolver
[THYMELEAF] * Dialect [1 of 2]: org.thymeleaf.spring4.dialect.SpringStandardDialect
[THYMELEAF]     * Prefix: "th"
[THYMELEAF] * Dialect [2 of 2]: nz.net.ultraq.thymeleaf.LayoutDialect
[THYMELEAF]     * Prefix: "layout"
[THYMELEAF] TEMPLATE ENGINE CONFIGURED OK
  2017-08-25 15:00:56 [ http-nio-8011-exec-1 ] [THYMELEAF] TEMPLATE ENGINE INITIALIZED
  